<?xml version="1.0" encoding="UTF-8"?>
<testng-results skipped="0" failed="0" total="1" passed="1">
  <reporter-output>
  </reporter-output>
  <suite name="Default suite" duration-ms="6679" started-at="2019-07-18T21:59:41Z" finished-at="2019-07-18T21:59:48Z">
    <groups>
    </groups>
    <test name="Default test" duration-ms="6679" started-at="2019-07-18T21:59:41Z" finished-at="2019-07-18T21:59:48Z">
      <class name="Class49_UploadFile_AutoIT.upload">
        <test-method status="PASS" signature="upload()[pri:0, instance:Class49_UploadFile_AutoIT.upload@d2cc05a]" name="upload" duration-ms="6651" started-at="2019-07-19T03:29:41Z" finished-at="2019-07-19T03:29:48Z">
          <reporter-output>
          </reporter-output>
        </test-method> <!-- upload -->
      </class> <!-- Class49_UploadFile_AutoIT.upload -->
    </test> <!-- Default test -->
  </suite> <!-- Default suite -->
</testng-results>
