<?xml version="1.0" encoding="UTF-8"?>
<!-- Generated by org.testng.reporters.JUnitXMLReporter -->
<testsuite hostname="DESKTOP-S49R0QC" name="Test2" tests="3" failures="0" timestamp="10 Jul 2019 20:13:14 GMT" time="0.025" errors="0">
  <testcase name="method5" time="0.009" classname="RunningThroughXML_part2_Grouping.Group"/>
  <testcase name="method6" time="0.002" classname="RunningThroughXML_part2_Grouping.Group"/>
  <testcase name="method4" time="0.001" classname="RunningThroughXML_part2_Grouping.Group"/>
</testsuite> <!-- Test2 -->
