<?xml version="1.0" encoding="UTF-8"?>
<!-- Generated by org.testng.reporters.JUnitXMLReporter -->
<testsuite hostname="DESKTOP-S49R0QC" name="Test1" tests="6" failures="0" timestamp="10 Jul 2019 20:13:14 GMT" time="0.069" errors="0">
  <testcase name="method1" time="0.007" classname="RunningThroughXML_part2_Grouping.Group"/>
  <testcase name="method2" time="0.003" classname="RunningThroughXML_part2_Grouping.Group"/>
  <testcase name="method3" time="0.002" classname="RunningThroughXML_part2_Grouping.Group"/>
  <testcase name="method4" time="0.005" classname="RunningThroughXML_part2_Grouping.Group"/>
  <testcase name="method1" time="0.002" classname="RunningThroughXML_part2_Grouping.grouping2"/>
  <testcase name="method2" time="0.002" classname="RunningThroughXML_part2_Grouping.grouping2"/>
</testsuite> <!-- Test1 -->
